<?xml version="1.0" encoding="UTF-8"?>
<testsuite xmlns:xsi="http://www.w3.org/2001/XMLSchema-instance" xsi:noNamespaceSchemaLocation="https://maven.apache.org/surefire/maven-surefire-plugin/xsd/surefire-test-report-3.0.xsd" version="3.0" name="pethubpackage.PethubApplicationTests" time="14.781" tests="1" errors="0" skipped="0" failures="0">
  <properties>
[...]
</properties>
  <testcase name="contextLoads" classname="pethubpackage.PethubApplicationTests" time="3.633">
    <system-out><![CDATA[13:13:11.119 [main] INFO org.springframework.test.context.support.AnnotationConfigContextLoaderUtils -- Could not detect default configuration classes for test class [pethubpackage.PethubApplicationTests]: PethubApplicationTests does not declare any static, non-private, non-final, nested classes annotated with @Configuration.
13:13:11.516 [main] INFO org.springframework.boot.test.context.SpringBootTestContextBootstrapper -- Found @SpringBootConfiguration pethubpackage.PethubApplication for test class pethubpackage.PethubApplicationTests
13:13:12.876 [main] INFO org.springframework.boot.devtools.restart.RestartApplicationListener -- Restart disabled due to context in which it is running

  .   ____          _            __ _ _
 /\\ / ___'_ __ _ _(_)_ __  __ _ \ \ \ \
( ( )\___ | '_ | '_| | '_ \/ _` | \ \ \ \
 \\/  ___)| |_)| | | | | || (_| |  ) ) ) )
  '  |____| .__|_| |_|_| |_\__, | / / / /
 =========|_|==============|___/=/_/_/_/
 :: Spring Boot ::                (v3.2.1)

2024-01-23T13:13:15.658+08:00  INFO 15888 --- [           main] pethubpackage.PethubApplicationTests     : Starting PethubApplicationTests using Java 17.0.8 with PID 15888 (started by smateo in C:\Users\smateo\Desktop\xxx\pethub\pethub)
2024-01-23T13:13:15.660+08:00  INFO 15888 --- [           main] pethubpackage.PethubApplicationTests     : No active profile set, falling back to 1 default profile: "default"
2024-01-23T13:13:21.217+08:00  INFO 15888 --- [           main] pethubpackage.PethubApplicationTests     : Started PethubApplicationTests in 8.989 seconds (process running for 12.96)
]]></system-out>
  </testcase>
</testsuite>